---
recorded_at: 2026-04-03T22:34:17.423273727-07:00
command: sh -lc 'cargo test search_controller_reuses_clean_sectors_on_warm_restart && cargo test autonomous_search_reuses_clean_sectors_on_warm_restart'
---

running 1 test
test facade::tests::search_controller_reuses_clean_sectors_on_warm_restart ... ok

test result: ok. 1 passed; 0 failed; 0 ignored; 0 measured; 60 filtered out; finished in 0.01s


running 0 tests

test result: ok. 0 passed; 0 failed; 0 ignored; 0 measured; 10 filtered out; finished in 0.00s


running 0 tests

test result: ok. 0 passed; 0 failed; 0 ignored; 0 measured; 1 filtered out; finished in 0.00s


running 0 tests

test result: ok. 0 passed; 0 failed; 0 ignored; 0 measured; 8 filtered out; finished in 0.00s


running 0 tests

test result: ok. 0 passed; 0 failed; 0 ignored; 0 measured; 3 filtered out; finished in 0.00s


running 0 tests

test result: ok. 0 passed; 0 failed; 0 ignored; 0 measured; 3 filtered out; finished in 0.00s


running 0 tests

test result: ok. 0 passed; 0 failed; 0 ignored; 0 measured; 20 filtered out; finished in 0.00s


running 0 tests

test result: ok. 0 passed; 0 failed; 0 ignored; 0 measured; 2 filtered out; finished in 0.00s


running 0 tests

test result: ok. 0 passed; 0 failed; 0 ignored; 0 measured; 3 filtered out; finished in 0.00s


running 1 test
test facade::tests::autonomous_search_reuses_clean_sectors_on_warm_restart ... ok

test result: ok. 1 passed; 0 failed; 0 ignored; 0 measured; 60 filtered out; finished in 0.01s


running 0 tests

test result: ok. 0 passed; 0 failed; 0 ignored; 0 measured; 10 filtered out; finished in 0.00s


running 0 tests

test result: ok. 0 passed; 0 failed; 0 ignored; 0 measured; 1 filtered out; finished in 0.00s


running 0 tests

test result: ok. 0 passed; 0 failed; 0 ignored; 0 measured; 8 filtered out; finished in 0.00s


running 0 tests

test result: ok. 0 passed; 0 failed; 0 ignored; 0 measured; 3 filtered out; finished in 0.00s


running 0 tests

test result: ok. 0 passed; 0 failed; 0 ignored; 0 measured; 3 filtered out; finished in 0.00s


running 0 tests

test result: ok. 0 passed; 0 failed; 0 ignored; 0 measured; 20 filtered out; finished in 0.00s


running 0 tests

test result: ok. 0 passed; 0 failed; 0 ignored; 0 measured; 2 filtered out; finished in 0.00s


running 0 tests

test result: ok. 0 passed; 0 failed; 0 ignored; 0 measured; 3 filtered out; finished in 0.00s


--- stderr ---
    Blocking waiting for file lock on package cache
    Blocking waiting for file lock on package cache
    Blocking waiting for file lock on package cache
    Blocking waiting for file lock on artifact directory
    Finished `test` profile [unoptimized + debuginfo] target(s) in 0.36s
     Running unittests src/lib.rs (/home/alex/.cache/cargo-target/sift/debug/deps/sift-93a0b6e65bcce990)
     Running unittests src/main.rs (/home/alex/.cache/cargo-target/sift/debug/deps/sift-b7d9938934994ce1)
     Running tests/agentic_eval_test.rs (/home/alex/.cache/cargo-target/sift/debug/deps/agentic_eval_test-13cf11ff53324988)
     Running tests/autonomous_heuristic_planner_test.rs (/home/alex/.cache/cargo-target/sift/debug/deps/autonomous_heuristic_planner_test-99aa213150aaba68)
     Running tests/autonomous_planner_contract_test.rs (/home/alex/.cache/cargo-target/sift/debug/deps/autonomous_planner_contract_test-4baaa7e98c54da08)
     Running tests/cli_agent_search_test.rs (/home/alex/.cache/cargo-target/sift/debug/deps/cli_agent_search_test-54e9ee34800601bb)
     Running tests/library_facade_test.rs (/home/alex/.cache/cargo-target/sift/debug/deps/library_facade_test-a93f56e510b7e432)
     Running tests/model_preparation_test.rs (/home/alex/.cache/cargo-target/sift/debug/deps/model_preparation_test-2ac3995e4a0be619)
     Running tests/performance_test.rs (/home/alex/.cache/cargo-target/sift/debug/deps/performance_test-d3e4529b1c3013af)
    Blocking waiting for file lock on package cache
    Blocking waiting for file lock on package cache
    Blocking waiting for file lock on package cache
    Blocking waiting for file lock on artifact directory
    Finished `test` profile [unoptimized + debuginfo] target(s) in 0.30s
     Running unittests src/lib.rs (/home/alex/.cache/cargo-target/sift/debug/deps/sift-93a0b6e65bcce990)
     Running unittests src/main.rs (/home/alex/.cache/cargo-target/sift/debug/deps/sift-b7d9938934994ce1)
     Running tests/agentic_eval_test.rs (/home/alex/.cache/cargo-target/sift/debug/deps/agentic_eval_test-13cf11ff53324988)
     Running tests/autonomous_heuristic_planner_test.rs (/home/alex/.cache/cargo-target/sift/debug/deps/autonomous_heuristic_planner_test-99aa213150aaba68)
     Running tests/autonomous_planner_contract_test.rs (/home/alex/.cache/cargo-target/sift/debug/deps/autonomous_planner_contract_test-4baaa7e98c54da08)
     Running tests/cli_agent_search_test.rs (/home/alex/.cache/cargo-target/sift/debug/deps/cli_agent_search_test-54e9ee34800601bb)
     Running tests/library_facade_test.rs (/home/alex/.cache/cargo-target/sift/debug/deps/library_facade_test-a93f56e510b7e432)
     Running tests/model_preparation_test.rs (/home/alex/.cache/cargo-target/sift/debug/deps/model_preparation_test-2ac3995e4a0be619)
     Running tests/performance_test.rs (/home/alex/.cache/cargo-target/sift/debug/deps/performance_test-d3e4529b1c3013af)
