    Blocking waiting for file lock on package cache
    Blocking waiting for file lock on package cache
    Blocking waiting for file lock on package cache
    Blocking waiting for file lock on artifact directory
    Finished `test` profile [unoptimized + debuginfo] target(s) in 0.31s
     Running unittests src/lib.rs (/home/alex/.cache/cargo-target/sift/debug/deps/sift-75b0403aad81649b)

running 0 tests

test result: ok. 0 passed; 0 failed; 0 ignored; 0 measured; 47 filtered out; finished in 0.00s

     Running unittests src/main.rs (/home/alex/.cache/cargo-target/sift/debug/deps/sift-d1d5b961df6ab1ad)

running 5 tests
test search_cli_tests::progress_renderer_includes_indexing_cache_metrics ... ok
test search_cli_tests::agent_search_builds_heuristic_autonomous_request ... ok
test search_cli_tests::agent_search_can_select_graph_mode ... ok
test search_cli_tests::agent_search_can_select_model_driven_strategy_and_profile ... ok
test search_cli_tests::direct_search_targets_remain_query_driven_without_agent ... ok

test result: ok. 5 passed; 0 failed; 0 ignored; 0 measured; 5 filtered out; finished in 0.00s

     Running tests/agentic_eval_test.rs (/home/alex/.cache/cargo-target/sift/debug/deps/agentic_eval_test-36f869ad651f4623)

running 0 tests

test result: ok. 0 passed; 0 failed; 0 ignored; 0 measured; 1 filtered out; finished in 0.00s

     Running tests/autonomous_heuristic_planner_test.rs (/home/alex/.cache/cargo-target/sift/debug/deps/autonomous_heuristic_planner_test-c8f8d5d3d8a90fb2)

running 0 tests

test result: ok. 0 passed; 0 failed; 0 ignored; 0 measured; 8 filtered out; finished in 0.00s

     Running tests/autonomous_planner_contract_test.rs (/home/alex/.cache/cargo-target/sift/debug/deps/autonomous_planner_contract_test-46b8227da3309eb1)

running 0 tests

test result: ok. 0 passed; 0 failed; 0 ignored; 0 measured; 3 filtered out; finished in 0.00s

     Running tests/cli_agent_search_test.rs (/home/alex/.cache/cargo-target/sift/debug/deps/cli_agent_search_test-5ad7e7a8af6312f7)

running 0 tests

test result: ok. 0 passed; 0 failed; 0 ignored; 0 measured; 3 filtered out; finished in 0.00s

     Running tests/library_facade_test.rs (/home/alex/.cache/cargo-target/sift/debug/deps/library_facade_test-f3c7230c4f12c5f1)

running 0 tests

test result: ok. 0 passed; 0 failed; 0 ignored; 0 measured; 20 filtered out; finished in 0.00s

     Running tests/model_preparation_test.rs (/home/alex/.cache/cargo-target/sift/debug/deps/model_preparation_test-a64016543f83a19b)

running 0 tests

test result: ok. 0 passed; 0 failed; 0 ignored; 0 measured; 2 filtered out; finished in 0.00s

     Running tests/performance_test.rs (/home/alex/.cache/cargo-target/sift/debug/deps/performance_test-e01d799675ba7fd4)

running 0 tests

test result: ok. 0 passed; 0 failed; 0 ignored; 0 measured; 3 filtered out; finished in 0.00s

44:        let mut renderer = ProgressRenderer::new(Vec::new(), true);
717:struct ProgressRenderer<W: Write> {
723:impl<W: Write> ProgressRenderer<W> {
1151:            let progress = RefCell::new(ProgressRenderer::new(std::io::stderr(), progress_enabled));
1157:                .with_cache_dir(cache_dir("search")?)
1160:                let response = engine.search_autonomous_with_progress(
1163:                        let telemetry = engine.telemetry_snapshot();
1171:                let response = engine.search_with_progress(
1174:                        let telemetry = engine.telemetry_snapshot();
