    Blocking waiting for file lock on package cache
    Blocking waiting for file lock on package cache
    Blocking waiting for file lock on package cache
    Finished `test` profile [unoptimized + debuginfo] target(s) in 0.29s
     Running unittests src/lib.rs (/home/alex/.cache/cargo-target/sift/debug/deps/sift-75b0403aad81649b)

running 3 tests
test facade::tests::direct_search_with_progress_emits_indexing_and_ranking ... ok
test facade::tests::direct_search_reuses_bm25_cache ... ok
test facade::tests::search_controller_reuses_bm25_cache ... ok

test result: ok. 3 passed; 0 failed; 0 ignored; 0 measured; 44 filtered out; finished in 0.01s

     Running unittests src/main.rs (/home/alex/.cache/cargo-target/sift/debug/deps/sift-d1d5b961df6ab1ad)

running 0 tests

test result: ok. 0 passed; 0 failed; 0 ignored; 0 measured; 10 filtered out; finished in 0.00s

     Running tests/agentic_eval_test.rs (/home/alex/.cache/cargo-target/sift/debug/deps/agentic_eval_test-36f869ad651f4623)

running 0 tests

test result: ok. 0 passed; 0 failed; 0 ignored; 0 measured; 1 filtered out; finished in 0.00s

     Running tests/autonomous_heuristic_planner_test.rs (/home/alex/.cache/cargo-target/sift/debug/deps/autonomous_heuristic_planner_test-c8f8d5d3d8a90fb2)

running 0 tests

test result: ok. 0 passed; 0 failed; 0 ignored; 0 measured; 8 filtered out; finished in 0.00s

     Running tests/autonomous_planner_contract_test.rs (/home/alex/.cache/cargo-target/sift/debug/deps/autonomous_planner_contract_test-46b8227da3309eb1)

running 0 tests

test result: ok. 0 passed; 0 failed; 0 ignored; 0 measured; 3 filtered out; finished in 0.00s

     Running tests/cli_agent_search_test.rs (/home/alex/.cache/cargo-target/sift/debug/deps/cli_agent_search_test-5ad7e7a8af6312f7)

running 0 tests

test result: ok. 0 passed; 0 failed; 0 ignored; 0 measured; 3 filtered out; finished in 0.00s

     Running tests/library_facade_test.rs (/home/alex/.cache/cargo-target/sift/debug/deps/library_facade_test-f3c7230c4f12c5f1)

running 0 tests

test result: ok. 0 passed; 0 failed; 0 ignored; 0 measured; 20 filtered out; finished in 0.00s

     Running tests/model_preparation_test.rs (/home/alex/.cache/cargo-target/sift/debug/deps/model_preparation_test-a64016543f83a19b)

running 0 tests

test result: ok. 0 passed; 0 failed; 0 ignored; 0 measured; 2 filtered out; finished in 0.00s

     Running tests/performance_test.rs (/home/alex/.cache/cargo-target/sift/debug/deps/performance_test-e01d799675ba7fd4)

running 0 tests

test result: ok. 0 passed; 0 failed; 0 ignored; 0 measured; 3 filtered out; finished in 0.00s

