---
recorded_at: 2026-03-08T14:09:08.595060355-07:00
command: sh -lc 'cargo test eval:: && cargo run -- eval download scifact --out .cache/eval/scifact && cargo run -- eval materialize scifact --source .cache/eval/scifact --out .cache/eval/scifact-files'
---

running 2 tests
test eval::tests::materialize_scifact_dir_writes_docs_queries_and_qrels ... ok
test eval::tests::download_scifact_dataset_fetches_expected_assets ... ok

test result: ok. 2 passed; 0 failed; 0 ignored; 0 measured; 2 filtered out; finished in 0.01s


running 0 tests

test result: ok. 0 passed; 0 failed; 0 ignored; 0 measured; 0 filtered out; finished in 0.00s

{
  "dataset": "scifact",
  "corpus_archive": "corpus.jsonl.gz",
  "queries_archive": "queries.jsonl.gz",
  "qrels_test": "qrels/test.tsv"
}
{
  "dataset": "scifact",
  "documents": 5183,
  "test_queries": 300,
  "output_dir": ".cache/eval/scifact-files"
}

--- stderr ---
    Finished `test` profile [unoptimized + debuginfo] target(s) in 0.04s
     Running unittests src/lib.rs (/home/alex/.cache/cargo-target/sift/debug/deps/sift-09fe5580a2f5091c)
     Running unittests src/main.rs (/home/alex/.cache/cargo-target/sift/debug/deps/sift-060d9ac3ba7492d2)
    Finished `dev` profile [unoptimized + debuginfo] target(s) in 0.04s
     Running `/home/alex/.cache/cargo-target/sift/debug/sift eval download scifact --out .cache/eval/scifact`
    Finished `dev` profile [unoptimized + debuginfo] target(s) in 0.04s
     Running `/home/alex/.cache/cargo-target/sift/debug/sift eval materialize scifact --source .cache/eval/scifact --out .cache/eval/scifact-files`
