---
recorded_at: 2026-03-08T14:09:59.172272441-07:00
command: sh -lc 'cargo test bench:: && cargo run -- bench latency --engine bm25 --corpus .cache/eval/scifact-files --queries .cache/eval/scifact-files/test-queries.tsv'
---

running 2 tests
test bench::tests::quality_benchmark_report_contains_metadata_and_metrics ... ok
test bench::tests::latency_benchmark_report_contains_reproducible_fields ... ok

test result: ok. 2 passed; 0 failed; 0 ignored; 0 measured; 2 filtered out; finished in 1.16s


running 0 tests

test result: ok. 0 passed; 0 failed; 0 ignored; 0 measured; 0 filtered out; finished in 0.00s

{
  "metadata": {
    "engine": "bm25",
    "command": "/home/alex/.cache/cargo-target/sift/debug/sift bench latency --engine bm25 --corpus .cache/eval/scifact-files --queries .cache/eval/scifact-files/test-queries.tsv",
    "git_sha": "ac3eaed33f0e6d5a381571cf6b8b9cc84e6119a0",
    "corpus_documents": 5183,
    "corpus_bytes": 7783523,
    "hardware": {
      "os": "linux",
      "arch": "x86_64",
      "logical_cores": 48,
      "cpu_brand": "AMD Ryzen Threadripper 3960X 24-Core Processor",
      "total_memory_bytes": 130380300288
    }
  },
  "latency_ms": {
    "prepare_ms": 2176.291127,
    "p50_ms": 28.828601,
    "p90_ms": 44.356953,
    "max_ms": 62.079088999999996
  }
}

--- stderr ---
    Finished `test` profile [unoptimized + debuginfo] target(s) in 0.05s
     Running unittests src/lib.rs (/home/alex/.cache/cargo-target/sift/debug/deps/sift-09fe5580a2f5091c)
     Running unittests src/main.rs (/home/alex/.cache/cargo-target/sift/debug/deps/sift-060d9ac3ba7492d2)
    Finished `dev` profile [unoptimized + debuginfo] target(s) in 0.04s
     Running `/home/alex/.cache/cargo-target/sift/debug/sift bench latency --engine bm25 --corpus .cache/eval/scifact-files --queries .cache/eval/scifact-files/test-queries.tsv`
