---
recorded_at: 2026-03-09T20:09:03.997441-07:00
command: nix develop --command cargo test --features ocr
---

running 28 tests
test dense::model::overrides_preserve_default_max_length_when_unspecified ... ok
test dense::model::overrides_allow_explicit_max_length ... ok
test extract::tests::test_image_source_kind ... ok
test search::application::tests::strategy_preset_registry_resolves_named_presets_and_hybrid_alias ... ok
test search::application::tests::search_service_fuses_results_from_multiple_retrievers ... ok
test search::adapters::tests::rrf_fuser_preserves_provenance ... ok
test hybrid::rrf::fuses_independent_bm25_and_vector_rankings ... ok
test search::application::tests::search_service_orchestrates_multiple_variants_and_retrievers ... ok
test dense::model::local_asset_plan_is_file_based_and_complete ... ok
test search::domain::tests::cached_embedder_avoids_redundant_calls ... ok
test search::legacy::tests::rich_document::html::html_files_are_searchable_without_preprocessing ... ok
test search::legacy::tests::rich_document::extractor_boundary::routes_text_and_html_documents_through_shared_extractor ... ok
test search::legacy::tests::cli::json_output_contains_result_fields ... ok
test search::legacy::tests::fs::filtering_skips_invalid_utf8_without_crashing ... ok
test segment::tests::image_segments_have_correct_labels ... ok
test segment::tests::merges_standalone_heading_blocks_into_section_segments ... ok
test segment::tests::produces_stable_segment_identifiers ... ok
test vector::tests::vector_retrieval::aggregation::uses_the_planned_diminishing_returns_rule ... ok
test vector::tests::vector_retrieval::full_corpus::scores_the_full_active_segment_corpus ... ok
test search::legacy::tests::hybrid::best_segment_snippet::prefers_best_segment_snippet_over_document_truncation ... ok
test search::legacy::tests::rich_document::skip_handling::invalid_binary_files_are_skipped_deterministically ... ok
test search::legacy::tests::search::bm25_ranks_recursive_utf8_files ... ok
test search::legacy::tests::rich_document::determinism::mixed_format_search_results_are_deterministic ... ok
test search::legacy::tests::rich_document::pdf::pdf_files_are_searchable_without_external_conversion ... ok
test search::legacy::tests::rich_document::office::office_documents_are_searchable_without_external_conversion ... ok
test search::legacy::tests::rich_document::segments::segment_text_preservation_keeps_section_local_text ... ok
test search::legacy::tests::rich_document::segments::segment_identity_is_stable_for_supported_documents ... ok
test search::legacy::tests::rich_document::segments::structure_aware_segments_are_source_aware ... ok

test result: ok. 28 passed; 0 failed; 0 ignored; 0 measured; 0 filtered out; finished in 0.02s


running 0 tests

test result: ok. 0 passed; 0 failed; 0 ignored; 0 measured; 0 filtered out; finished in 0.00s


running 2 tests
test test_dot_product_consistency ... ok
test test_query_embedding_cache_avoids_redundant_calls ... ok

test result: ok. 2 passed; 0 failed; 0 ignored; 0 measured; 0 filtered out; finished in 0.00s


running 0 tests

test result: ok. 0 passed; 0 failed; 0 ignored; 0 measured; 0 filtered out; finished in 0.00s


--- stderr ---
path '/Users/alex/workspace/rupurt/sift/.keel' does not contain a 'flake.nix', searching up
warning: Git tree '/Users/alex/workspace/rupurt/sift' has uncommitted changes
    Finished `test` profile [unoptimized + debuginfo] target(s) in 0.13s
     Running unittests src/lib.rs (/Users/alex/.cache/cargo-target/sift/debug/deps/sift-e2465e8fe2db7091)
     Running unittests src/main.rs (/Users/alex/.cache/cargo-target/sift/debug/deps/sift-aba8cca83a559bea)
     Running tests/performance_test.rs (/Users/alex/.cache/cargo-target/sift/debug/deps/performance_test-373fb64e10504d2a)
   Doc-tests sift
