---
recorded_at: 2026-03-09T09:41:09.303772352-07:00
command: cargo test search::application::tests::search_service_fuses_results_from_multiple_retrievers
---

running 1 test
test search::application::tests::search_service_fuses_results_from_multiple_retrievers ... ok

test result: ok. 1 passed; 0 failed; 0 ignored; 0 measured; 24 filtered out; finished in 0.00s


running 0 tests

test result: ok. 0 passed; 0 failed; 0 ignored; 0 measured; 0 filtered out; finished in 0.00s


--- stderr ---
warning: unused import: `super::super::adapters::*`
   --> src/search/application.rs:232:9
    |
232 |     use super::super::adapters::*;
    |         ^^^^^^^^^^^^^^^^^^^^^^^^^
    |
    = note: `#[warn(unused_imports)]` (part of `#[warn(unused)]`) on by default

warning: unused variable: `candidate`
  --> src/search/legacy.rs:81:21
   |
81 |                 let candidate = Candidate {
   |                     ^^^^^^^^^ help: if this is intentional, prefix it with an underscore: `_candidate`
   |
   = note: `#[warn(unused_variables)]` (part of `#[warn(unused)]`) on by default

warning: unused variable: `response`
  --> src/search/legacy.rs:92:21
   |
92 |                 let response = run_search(&SearchRequest {
   |                     ^^^^^^^^ help: if this is intentional, prefix it with an underscore: `_response`

warning: `sift` (lib test) generated 3 warnings (run `cargo fix --lib -p sift --tests` to apply 3 suggestions)
    Finished `test` profile [unoptimized + debuginfo] target(s) in 0.12s
     Running unittests src/lib.rs (/home/alex/.cache/cargo-target/sift/debug/deps/sift-e29a265758deed6a)
     Running unittests src/main.rs (/home/alex/.cache/cargo-target/sift/debug/deps/sift-c2170b105f47be33)
