---
recorded_at: 2026-03-08T16:06:29.619409910-07:00
mode: manual
files: [".keel/stories/1vzMeL000/EVIDENCE/ac-1.log"]
---

--- File: ac-1.log ---
$ cargo --color never test rich_document::office
    Finished `test` profile [unoptimized + debuginfo] target(s) in 0.12s
     Running unittests src/lib.rs (/home/alex/.cache/cargo-target/sift/debug/deps/sift-e29a265758deed6a)

running 1 test
test search::tests::rich_document::office::office_documents_are_searchable_without_external_conversion ... ok

test result: ok. 1 passed; 0 failed; 0 ignored; 0 measured; 20 filtered out; finished in 0.01s

     Running unittests src/main.rs (/home/alex/.cache/cargo-target/sift/debug/deps/sift-c2170b105f47be33)

running 0 tests

test result: ok. 0 passed; 0 failed; 0 ignored; 0 measured; 0 filtered out; finished in 0.00s


$ cargo --color never tree | rg "undoc"
├── undoc v0.1.15

$ cargo --color never run -- search "quarterly roadmap" tests/fixtures/rich-docs --engine bm25
    Finished `dev` profile [unoptimized + debuginfo] target(s) in 0.12s
     Running `/home/alex/.cache/cargo-target/sift/debug/sift search 'quarterly roadmap' tests/fixtures/rich-docs --engine bm25`
engine: bm25
root: tests/fixtures/rich-docs
indexed_files: 8
skipped_files: 0
results: 5

1. tests/fixtures/rich-docs/docs/roadmap-docx.docx
   score: 1.6174
   snippet: Quarterly roadmap docx
2. tests/fixtures/rich-docs/docs/roadmap-sheet.xlsx
   score: 1.6174
   snippet: Quarterly roadmap xlsx
3. tests/fixtures/rich-docs/docs/roadmap-slides.pptx
   score: 1.6174
   snippet: Quarterly roadmap pptx
4. tests/fixtures/rich-docs/test-queries.tsv
   score: 1.4246
   snippet: query-id query q-roadmap quarterly roadmap
5. tests/fixtures/rich-docs/qrels/test.tsv
   score: 0.7837
   snippet: query-id corpus-id score q-roadmap roadmap-docx 1 q-roadmap roadmap-sheet 1 q-roadmap roadmap-slides 1

