---
recorded_at: 2026-03-08T16:06:29.652598112-07:00
mode: manual
files: [".keel/stories/1vzMeL000/EVIDENCE/ac-2.log"]
---

--- File: ac-2.log ---
$ cargo --color never test rich_document::determinism
    Blocking waiting for file lock on package cache
    Finished `test` profile [unoptimized + debuginfo] target(s) in 0.14s
     Running unittests src/lib.rs (/home/alex/.cache/cargo-target/sift/debug/deps/sift-e29a265758deed6a)

running 1 test
test search::tests::rich_document::determinism::mixed_format_search_results_are_deterministic ... ok

test result: ok. 1 passed; 0 failed; 0 ignored; 0 measured; 20 filtered out; finished in 0.01s

     Running unittests src/main.rs (/home/alex/.cache/cargo-target/sift/debug/deps/sift-c2170b105f47be33)

running 0 tests

test result: ok. 0 passed; 0 failed; 0 ignored; 0 measured; 0 filtered out; finished in 0.00s


$ cargo --color never run -- search --json "quarterly roadmap" tests/fixtures/rich-docs --engine bm25
    Finished `dev` profile [unoptimized + debuginfo] target(s) in 0.12s
     Running `/home/alex/.cache/cargo-target/sift/debug/sift search --json 'quarterly roadmap' tests/fixtures/rich-docs --engine bm25`
{
  "engine": "bm25",
  "root": "tests/fixtures/rich-docs",
  "indexed_files": 8,
  "skipped_files": 0,
  "results": [
    {
      "path": "tests/fixtures/rich-docs/docs/roadmap-docx.docx",
      "rank": 1,
      "score": 1.6173825728047775,
      "snippet": "Quarterly roadmap docx"
    },
    {
      "path": "tests/fixtures/rich-docs/docs/roadmap-sheet.xlsx",
      "rank": 2,
      "score": 1.6173825728047775,
      "snippet": "Quarterly roadmap xlsx"
    },
    {
      "path": "tests/fixtures/rich-docs/docs/roadmap-slides.pptx",
      "rank": 3,
      "score": 1.6173825728047775,
      "snippet": "Quarterly roadmap pptx"
    },
    {
      "path": "tests/fixtures/rich-docs/test-queries.tsv",
      "rank": 4,
      "score": 1.424606115307813,
      "snippet": "query-id query q-roadmap quarterly roadmap"
    },
    {
      "path": "tests/fixtures/rich-docs/qrels/test.tsv",
      "rank": 5,
      "score": 0.7837117362311491,
      "snippet": "query-id corpus-id score q-roadmap roadmap-docx 1 q-roadmap roadmap-sheet 1 q-roadmap roadmap-slides 1"
    }
  ]
}

