---
recorded_at: 2026-03-08T16:06:29.807384688-07:00
mode: manual
files: [".keel/stories/1vzMeL000/EVIDENCE/ac-3.log"]
---

--- File: ac-3.log ---
$ cargo --color never test bench::rich_formats
    Blocking waiting for file lock on package cache
    Finished `test` profile [unoptimized + debuginfo] target(s) in 0.16s
     Running unittests src/lib.rs (/home/alex/.cache/cargo-target/sift/debug/deps/sift-e29a265758deed6a)

running 2 tests
test bench::rich_formats::latency_benchmark_accepts_mixed_format_fixture_corpus ... ok
test bench::rich_formats::quality_benchmark_accepts_mixed_format_fixture_corpus ... ok

test result: ok. 2 passed; 0 failed; 0 ignored; 0 measured; 19 filtered out; finished in 1.28s

     Running unittests src/main.rs (/home/alex/.cache/cargo-target/sift/debug/deps/sift-c2170b105f47be33)

running 0 tests

test result: ok. 0 passed; 0 failed; 0 ignored; 0 measured; 0 filtered out; finished in 0.00s


$ cargo --color never run -- bench latency --engine bm25 --corpus tests/fixtures/rich-docs --queries tests/fixtures/rich-docs/test-queries.tsv
    Finished `dev` profile [unoptimized + debuginfo] target(s) in 0.11s
     Running `/home/alex/.cache/cargo-target/sift/debug/sift bench latency --engine bm25 --corpus tests/fixtures/rich-docs --queries tests/fixtures/rich-docs/test-queries.tsv`
{
  "metadata": {
    "engine": "bm25",
    "baseline_engine": null,
    "command": "/home/alex/.cache/cargo-target/sift/debug/sift bench latency --engine bm25 --corpus tests/fixtures/rich-docs --queries tests/fixtures/rich-docs/test-queries.tsv",
    "git_sha": "e5234b4b3b3c8ae7f4b4348f8998dd29ab90e955",
    "corpus_documents": 6,
    "corpus_bytes": 232,
    "hardware": {
      "os": "linux",
      "arch": "x86_64",
      "logical_cores": 48,
      "cpu_brand": "AMD Ryzen Threadripper 3960X 24-Core Processor",
      "total_memory_bytes": 130380300288
    },
    "dense_model": null,
    "dense_revision": null,
    "dense_max_length": null,
    "shortlist": null
  },
  "latency_ms": {
    "prepare_ms": 3.884061,
    "p50_ms": 0.030499000000000002,
    "p90_ms": 0.030499000000000002,
    "max_ms": 0.030499000000000002,
    "target_ms": 200.0,
    "p50_over_target_ms": 0.0,
    "p90_over_target_ms": 0.0,
    "max_over_target_ms": 0.0
  }
}

$ cargo --color never run -- bench quality --engine bm25 --corpus tests/fixtures/rich-docs --qrels tests/fixtures/rich-docs/qrels/test.tsv
    Finished `dev` profile [unoptimized + debuginfo] target(s) in 0.11s
     Running `/home/alex/.cache/cargo-target/sift/debug/sift bench quality --engine bm25 --corpus tests/fixtures/rich-docs --qrels tests/fixtures/rich-docs/qrels/test.tsv`
{
  "metadata": {
    "engine": "bm25",
    "baseline_engine": null,
    "command": "/home/alex/.cache/cargo-target/sift/debug/sift bench quality --engine bm25 --corpus tests/fixtures/rich-docs --qrels tests/fixtures/rich-docs/qrels/test.tsv",
    "git_sha": "e5234b4b3b3c8ae7f4b4348f8998dd29ab90e955",
    "corpus_documents": 6,
    "corpus_bytes": 232,
    "hardware": {
      "os": "linux",
      "arch": "x86_64",
      "logical_cores": 48,
      "cpu_brand": "AMD Ryzen Threadripper 3960X 24-Core Processor",
      "total_memory_bytes": 130380300288
    },
    "dense_model": null,
    "dense_revision": null,
    "dense_max_length": null,
    "shortlist": null
  },
  "metrics": {
    "ndcg_at_10": 1.0,
    "mrr_at_10": 1.0,
    "recall_at_10": 1.0
  },
  "baseline_metrics": null,
  "delta": null
}

