---
recorded_at: 2026-04-03T22:21:07.502944618-07:00
command: cargo test breadcrumb
---

running 3 tests
test cache::breadcrumb::tests::breadcrumb_cache_path_uses_existing_corpus_key_namespace ... ok
test cache::breadcrumb::tests::breadcrumb_journal_round_trips_through_cache_storage ... ok
test search::corpus::tests::persists_breadcrumb_journal_during_dirty_sector_rebuild ... ok

test result: ok. 3 passed; 0 failed; 0 ignored; 0 measured; 53 filtered out; finished in 0.00s


running 0 tests

test result: ok. 0 passed; 0 failed; 0 ignored; 0 measured; 10 filtered out; finished in 0.00s


running 0 tests

test result: ok. 0 passed; 0 failed; 0 ignored; 0 measured; 1 filtered out; finished in 0.00s


running 0 tests

test result: ok. 0 passed; 0 failed; 0 ignored; 0 measured; 8 filtered out; finished in 0.00s


running 0 tests

test result: ok. 0 passed; 0 failed; 0 ignored; 0 measured; 3 filtered out; finished in 0.00s


running 0 tests

test result: ok. 0 passed; 0 failed; 0 ignored; 0 measured; 3 filtered out; finished in 0.00s


running 0 tests

test result: ok. 0 passed; 0 failed; 0 ignored; 0 measured; 20 filtered out; finished in 0.00s


running 0 tests

test result: ok. 0 passed; 0 failed; 0 ignored; 0 measured; 2 filtered out; finished in 0.00s


running 0 tests

test result: ok. 0 passed; 0 failed; 0 ignored; 0 measured; 3 filtered out; finished in 0.00s


--- stderr ---
    Blocking waiting for file lock on package cache
    Blocking waiting for file lock on package cache
    Blocking waiting for file lock on package cache
    Blocking waiting for file lock on artifact directory
    Finished `test` profile [unoptimized + debuginfo] target(s) in 0.37s
     Running unittests src/lib.rs (/home/alex/.cache/cargo-target/sift/debug/deps/sift-75b0403aad81649b)
     Running unittests src/main.rs (/home/alex/.cache/cargo-target/sift/debug/deps/sift-d1d5b961df6ab1ad)
     Running tests/agentic_eval_test.rs (/home/alex/.cache/cargo-target/sift/debug/deps/agentic_eval_test-36f869ad651f4623)
     Running tests/autonomous_heuristic_planner_test.rs (/home/alex/.cache/cargo-target/sift/debug/deps/autonomous_heuristic_planner_test-c8f8d5d3d8a90fb2)
     Running tests/autonomous_planner_contract_test.rs (/home/alex/.cache/cargo-target/sift/debug/deps/autonomous_planner_contract_test-46b8227da3309eb1)
     Running tests/cli_agent_search_test.rs (/home/alex/.cache/cargo-target/sift/debug/deps/cli_agent_search_test-5ad7e7a8af6312f7)
     Running tests/library_facade_test.rs (/home/alex/.cache/cargo-target/sift/debug/deps/library_facade_test-f3c7230c4f12c5f1)
     Running tests/model_preparation_test.rs (/home/alex/.cache/cargo-target/sift/debug/deps/model_preparation_test-a64016543f83a19b)
     Running tests/performance_test.rs (/home/alex/.cache/cargo-target/sift/debug/deps/performance_test-e01d799675ba7fd4)
