---
recorded_at: 2026-03-08T15:39:02.260690944-07:00
command: sh -lc 'cd "/home/alex/workspace/rupurt/sift" && cargo test rich_document::extractor_boundary && cargo run -- search "service catalog" tests/fixtures/rich-docs --engine bm25'
---

running 1 test
test search::tests::rich_document::extractor_boundary::routes_text_and_html_documents_through_shared_extractor ... ok

test result: ok. 1 passed; 0 failed; 0 ignored; 0 measured; 15 filtered out; finished in 0.00s


running 0 tests

test result: ok. 0 passed; 0 failed; 0 ignored; 0 measured; 0 filtered out; finished in 0.00s

engine: bm25
root: tests/fixtures/rich-docs
indexed_files: 2
skipped_files: 0
results: 2

1. tests/fixtures/rich-docs/notes.txt
   score: 0.5030
   snippet: service catalog note Plain text fallback for the service catalog.
2. tests/fixtures/rich-docs/docs/service.html
   score: 0.3838
   snippet: # HTML Heading Service Catalog for the agent platform.

--- stderr ---
    Finished `test` profile [unoptimized + debuginfo] target(s) in 0.09s
     Running unittests src/lib.rs (/home/alex/.cache/cargo-target/sift/debug/deps/sift-a9fdd44e88619b4a)
     Running unittests src/main.rs (/home/alex/.cache/cargo-target/sift/debug/deps/sift-f722fd5bb443bc28)
    Finished `dev` profile [unoptimized + debuginfo] target(s) in 0.09s
     Running `/home/alex/.cache/cargo-target/sift/debug/sift search 'service catalog' tests/fixtures/rich-docs --engine bm25`
