---
recorded_at: 2026-03-08T14:22:33.871824374-07:00
command: sh -lc 'cargo test cli::json_output && cargo run -- search --json "retrieval architecture" .cache/eval/scifact-files --engine bm25'
---

running 1 test
test search::tests::cli::json_output_contains_result_fields ... ok

test result: ok. 1 passed; 0 failed; 0 ignored; 0 measured; 6 filtered out; finished in 0.00s


running 0 tests

test result: ok. 0 passed; 0 failed; 0 ignored; 0 measured; 0 filtered out; finished in 0.00s

{
  "engine": "bm25",
  "root": ".cache/eval/scifact-files",
  "indexed_files": 5185,
  "skipped_files": 0,
  "results": [
    {
      "path": ".cache/eval/scifact-files/4462155.txt",
      "rank": 1,
      "score": 14.499797433810253,
      "snippet": "A temporal shift in the circuits mediating retrieval of fear memory Fear memories allow animals to avoid danger, thereby increasing their chances of survival. F..."
    },
    {
      "path": ".cache/eval/scifact-files/7357135.txt",
      "rank": 2,
      "score": 14.314454429751828,
      "snippet": "Dissociation of β1- and β2-adrenergic receptor subtypes in the retrieval of cocaine-associated memory. Drug seeking is maintained by encounters with drug-associ..."
    },
    {
      "path": ".cache/eval/scifact-files/36713289.txt",
      "rank": 3,
      "score": 7.60695054419717,
      "snippet": "Genome architecture, rearrangements and genomic disorders. An increasing number of human diseases are recognized to result from recurrent DNA rearrangements inv..."
    },
    {
      "path": ".cache/eval/scifact-files/10029970.txt",
      "rank": 4,
      "score": 7.574570721862954,
      "snippet": "CDD: conserved domains and protein three-dimensional structure CDD, the Conserved Domain Database, is part of NCBI's Entrez query and retrieval system and is al..."
    },
    {
      "path": ".cache/eval/scifact-files/6625693.txt",
      "rank": 5,
      "score": 7.2477501094807035,
      "snippet": "Suppression of inflammatory and neuropathic pain by uncoupling CRMP-2 from the presynaptic Ca2+ channel complex The use of N-type voltage-gated calcium channel ..."
    },
    {
      "path": ".cache/eval/scifact-files/1259280.txt",
      "rank": 6,
      "score": 7.190713956834013,
      "snippet": "Mechanisms that Specify Promoter Nucleosome Location and Identity The chromatin architecture of eukaryotic gene promoters is generally characterized by a nucleo..."
    },
    {
      "path": ".cache/eval/scifact-files/7488455.txt",
      "rank": 7,
      "score": 7.190713956834013,
      "snippet": "Genomic Nucleosome Organization Reconstituted with Pure Proteins Chromatin remodelers regulate genes by organizing nucleosomes around promoters, but their indiv..."
    },
    {
      "path": ".cache/eval/scifact-files/20743803.txt",
      "rank": 8,
      "score": 6.9202416028465406,
      "snippet": "No Pasaran! Role of the axon initial segment in the regulation of protein transport and the maintenance of axonal identity. The transmission of information in t..."
    },
    {
      "path": ".cache/eval/scifact-files/22483580.txt",
      "rank": 9,
      "score": 6.787482912152069,
      "snippet": "Disturbed sleep in bipolar disorder is related to an elevation of IL-6 in peripheral monocytes. Bipolar disorder is a severe psychiatric disorder that is associ..."
    },
    {
      "path": ".cache/eval/scifact-files/8997410.txt",
      "rank": 10,
      "score": 6.688776573973258,
      "snippet": "Arp2/3 complex inhibition radically alters lamellipodial actin architecture, suspended cell shape, and the cell spreading process Recent studies have investigat..."
    }
  ]
}

--- stderr ---
    Finished `test` profile [unoptimized + debuginfo] target(s) in 0.05s
     Running unittests src/lib.rs (/home/alex/.cache/cargo-target/sift/debug/deps/sift-09fe5580a2f5091c)
     Running unittests src/main.rs (/home/alex/.cache/cargo-target/sift/debug/deps/sift-060d9ac3ba7492d2)
    Finished `dev` profile [unoptimized + debuginfo] target(s) in 0.04s
     Running `/home/alex/.cache/cargo-target/sift/debug/sift search --json 'retrieval architecture' .cache/eval/scifact-files --engine bm25`
