---
recorded_at: 2026-03-08T14:23:06.744263306-07:00
command: sh -lc 'before=$(find .cache/eval/scifact-files -type f -print | LC_ALL=C sort | xargs sha256sum | sha256sum | cut -d" " -f1); cargo test fs::filtering && cargo run -- search "retrieval architecture" .cache/eval/scifact-files --engine bm25 >/tmp/sift-search-ac3.txt; after=$(find .cache/eval/scifact-files -type f -print | LC_ALL=C sort | xargs sha256sum | sha256sum | cut -d" " -f1); printf "corpus_digest_before=%s\ncorpus_digest_after=%s\n\n" "$before" "$after"; cat /tmp/sift-search-ac3.txt'
---

running 1 test
test search::tests::fs::filtering_skips_invalid_utf8_without_crashing ... ok

test result: ok. 1 passed; 0 failed; 0 ignored; 0 measured; 6 filtered out; finished in 0.00s


running 0 tests

test result: ok. 0 passed; 0 failed; 0 ignored; 0 measured; 0 filtered out; finished in 0.00s

corpus_digest_before=81e02ed33e1f34dd7151cde430a7d278ccf3427d0ae3b1a2f8dd9194199a98f7
corpus_digest_after=81e02ed33e1f34dd7151cde430a7d278ccf3427d0ae3b1a2f8dd9194199a98f7

engine: bm25
root: .cache/eval/scifact-files
indexed_files: 5185
skipped_files: 0
results: 10

1. .cache/eval/scifact-files/4462155.txt
   score: 14.4998
   snippet: A temporal shift in the circuits mediating retrieval of fear memory Fear memories allow animals to avoid danger, thereby increasing their chances of survival. F...
2. .cache/eval/scifact-files/7357135.txt
   score: 14.3145
   snippet: Dissociation of β1- and β2-adrenergic receptor subtypes in the retrieval of cocaine-associated memory. Drug seeking is maintained by encounters with drug-associ...
3. .cache/eval/scifact-files/36713289.txt
   score: 7.6070
   snippet: Genome architecture, rearrangements and genomic disorders. An increasing number of human diseases are recognized to result from recurrent DNA rearrangements inv...
4. .cache/eval/scifact-files/10029970.txt
   score: 7.5746
   snippet: CDD: conserved domains and protein three-dimensional structure CDD, the Conserved Domain Database, is part of NCBI's Entrez query and retrieval system and is al...
5. .cache/eval/scifact-files/6625693.txt
   score: 7.2478
   snippet: Suppression of inflammatory and neuropathic pain by uncoupling CRMP-2 from the presynaptic Ca2+ channel complex The use of N-type voltage-gated calcium channel ...
6. .cache/eval/scifact-files/1259280.txt
   score: 7.1907
   snippet: Mechanisms that Specify Promoter Nucleosome Location and Identity The chromatin architecture of eukaryotic gene promoters is generally characterized by a nucleo...
7. .cache/eval/scifact-files/7488455.txt
   score: 7.1907
   snippet: Genomic Nucleosome Organization Reconstituted with Pure Proteins Chromatin remodelers regulate genes by organizing nucleosomes around promoters, but their indiv...
8. .cache/eval/scifact-files/20743803.txt
   score: 6.9202
   snippet: No Pasaran! Role of the axon initial segment in the regulation of protein transport and the maintenance of axonal identity. The transmission of information in t...
9. .cache/eval/scifact-files/22483580.txt
   score: 6.7875
   snippet: Disturbed sleep in bipolar disorder is related to an elevation of IL-6 in peripheral monocytes. Bipolar disorder is a severe psychiatric disorder that is associ...
10. .cache/eval/scifact-files/8997410.txt
   score: 6.6888
   snippet: Arp2/3 complex inhibition radically alters lamellipodial actin architecture, suspended cell shape, and the cell spreading process Recent studies have investigat...

--- stderr ---
    Finished `test` profile [unoptimized + debuginfo] target(s) in 0.04s
     Running unittests src/lib.rs (/home/alex/.cache/cargo-target/sift/debug/deps/sift-09fe5580a2f5091c)
     Running unittests src/main.rs (/home/alex/.cache/cargo-target/sift/debug/deps/sift-060d9ac3ba7492d2)
    Finished `dev` profile [unoptimized + debuginfo] target(s) in 0.04s
     Running `/home/alex/.cache/cargo-target/sift/debug/sift search 'retrieval architecture' .cache/eval/scifact-files --engine bm25`
