---
recorded_at: 2026-03-08T15:18:54.441759132-07:00
command: sh -lc 'cargo test hybrid::fusion && cargo run -- search "retrieval architecture" .cache/eval/scifact-files --limit 3'
---

running 1 test
test hybrid::fusion::dense_signal_can_reorder_bm25_shortlist ... ok

test result: ok. 1 passed; 0 failed; 0 ignored; 0 measured; 12 filtered out; finished in 0.00s


running 0 tests

test result: ok. 0 passed; 0 failed; 0 ignored; 0 measured; 0 filtered out; finished in 0.00s

engine: hybrid
root: .cache/eval/scifact-files
indexed_files: 5185
skipped_files: 0
results: 3

1. .cache/eval/scifact-files/10029970.txt
   score: 0.6812
   snippet: CDD: conserved domains and protein three-dimensional structure CDD, the Conserved Domain Database, is part of NCBI's Entrez query and retrieval system and is al...
2. .cache/eval/scifact-files/7357135.txt
   score: 0.6622
   snippet: Dissociation of β1- and β2-adrenergic receptor subtypes in the retrieval of cocaine-associated memory. Drug seeking is maintained by encounters with drug-associ...
3. .cache/eval/scifact-files/4462155.txt
   score: 0.6580
   snippet: A temporal shift in the circuits mediating retrieval of fear memory Fear memories allow animals to avoid danger, thereby increasing their chances of survival. F...

--- stderr ---
    Finished `test` profile [unoptimized + debuginfo] target(s) in 0.08s
     Running unittests src/lib.rs (/home/alex/.cache/cargo-target/sift/debug/deps/sift-4a1e0b650454c110)
     Running unittests src/main.rs (/home/alex/.cache/cargo-target/sift/debug/deps/sift-c3c61a541c2c507c)
    Finished `dev` profile [unoptimized + debuginfo] target(s) in 0.08s
     Running `/home/alex/.cache/cargo-target/sift/debug/sift search 'retrieval architecture' .cache/eval/scifact-files --limit 3`
