---
recorded_at: 2026-03-08T15:19:02.825405597-07:00
command: sh -lc 'cargo test dense::model && cargo tree | rg "candle|rust_tokenizers" && cargo run -- search "retrieval architecture" .cache/eval/scifact-files --limit 3'
---

running 3 tests
test dense::model::overrides_allow_explicit_max_length ... ok
test dense::model::overrides_preserve_default_max_length_when_unspecified ... ok
test dense::model::local_asset_plan_is_file_based_and_complete ... ok

test result: ok. 3 passed; 0 failed; 0 ignored; 0 measured; 10 filtered out; finished in 0.00s


running 0 tests

test result: ok. 0 passed; 0 failed; 0 ignored; 0 measured; 0 filtered out; finished in 0.00s

├── candle-core v0.9.2
├── candle-nn v0.9.2
│   ├── candle-core v0.9.2 (*)
├── candle-transformers v0.9.2
│   ├── candle-core v0.9.2 (*)
│   ├── candle-nn v0.9.2 (*)
├── rust_tokenizers v8.1.1
engine: hybrid
root: .cache/eval/scifact-files
indexed_files: 5185
skipped_files: 0
results: 3

1. .cache/eval/scifact-files/10029970.txt
   score: 0.6812
   snippet: CDD: conserved domains and protein three-dimensional structure CDD, the Conserved Domain Database, is part of NCBI's Entrez query and retrieval system and is al...
2. .cache/eval/scifact-files/7357135.txt
   score: 0.6622
   snippet: Dissociation of β1- and β2-adrenergic receptor subtypes in the retrieval of cocaine-associated memory. Drug seeking is maintained by encounters with drug-associ...
3. .cache/eval/scifact-files/4462155.txt
   score: 0.6580
   snippet: A temporal shift in the circuits mediating retrieval of fear memory Fear memories allow animals to avoid danger, thereby increasing their chances of survival. F...

--- stderr ---
    Blocking waiting for file lock on package cache
    Finished `test` profile [unoptimized + debuginfo] target(s) in 0.13s
     Running unittests src/lib.rs (/home/alex/.cache/cargo-target/sift/debug/deps/sift-4a1e0b650454c110)
     Running unittests src/main.rs (/home/alex/.cache/cargo-target/sift/debug/deps/sift-c3c61a541c2c507c)
    Finished `dev` profile [unoptimized + debuginfo] target(s) in 0.08s
     Running `/home/alex/.cache/cargo-target/sift/debug/sift search 'retrieval architecture' .cache/eval/scifact-files --limit 3`
