---
recorded_at: 2026-03-08T15:20:02.754209282-07:00
command: sh -lc 'cargo test bench::quality && cargo run --release -- bench quality --engine hybrid --baseline bm25 --corpus .cache/eval/scifact-files --qrels .cache/eval/scifact/qrels/test.tsv'
---

running 2 tests
test bench::quality::quality_delta_is_reported_as_exact_difference ... ok
test bench::quality::quality_benchmark_report_contains_metadata_and_metrics ... ok

test result: ok. 2 passed; 0 failed; 0 ignored; 0 measured; 11 filtered out; finished in 1.10s


running 0 tests

test result: ok. 0 passed; 0 failed; 0 ignored; 0 measured; 0 filtered out; finished in 0.00s

{
  "metadata": {
    "engine": "hybrid",
    "baseline_engine": "bm25",
    "command": "/home/alex/.cache/cargo-target/sift/release/sift bench quality --engine hybrid --baseline bm25 --corpus .cache/eval/scifact-files --qrels .cache/eval/scifact/qrels/test.tsv",
    "git_sha": "b7e25e977f232fbb0e6e0a64d444cd2695869dbd",
    "corpus_documents": 5183,
    "corpus_bytes": 7783523,
    "hardware": {
      "os": "linux",
      "arch": "x86_64",
      "logical_cores": 48,
      "cpu_brand": "AMD Ryzen Threadripper 3960X 24-Core Processor",
      "total_memory_bytes": 130380300288
    },
    "dense_model": "sentence-transformers/all-MiniLM-L6-v2",
    "dense_revision": "main",
    "dense_max_length": 40,
    "shortlist": 8
  },
  "metrics": {
    "ndcg_at_10": 0.6763618404959538,
    "mrr_at_10": 0.6465582010582009,
    "recall_at_10": 0.7849444444444444
  },
  "baseline_metrics": {
    "ndcg_at_10": 0.6646598637127537,
    "mrr_at_10": 0.6327804232804233,
    "recall_at_10": 0.7849444444444444
  },
  "delta": {
    "ndcg_at_10": 0.011701976783200174,
    "mrr_at_10": 0.013777777777777667,
    "recall_at_10": 0.0
  }
}

--- stderr ---
    Finished `test` profile [unoptimized + debuginfo] target(s) in 0.08s
     Running unittests src/lib.rs (/home/alex/.cache/cargo-target/sift/debug/deps/sift-4a1e0b650454c110)
     Running unittests src/main.rs (/home/alex/.cache/cargo-target/sift/debug/deps/sift-c3c61a541c2c507c)
    Finished `release` profile [optimized] target(s) in 0.08s
     Running `/home/alex/.cache/cargo-target/sift/release/sift bench quality --engine hybrid --baseline bm25 --corpus .cache/eval/scifact-files --qrels .cache/eval/scifact/qrels/test.tsv`
