---
recorded_at: 2026-03-08T15:21:03.180171737-07:00
command: sh -lc 'cargo test bench::latency && cargo run --release -- bench latency --engine hybrid --corpus .cache/eval/scifact-files --queries .cache/eval/scifact-files/test-queries.tsv'
---

running 2 tests
test bench::latency::latency_shortfall_is_explicit_and_non_negative ... ok
test bench::latency::latency_benchmark_report_contains_reproducible_fields ... ok

test result: ok. 2 passed; 0 failed; 0 ignored; 0 measured; 11 filtered out; finished in 1.11s


running 0 tests

test result: ok. 0 passed; 0 failed; 0 ignored; 0 measured; 0 filtered out; finished in 0.00s

{
  "metadata": {
    "engine": "hybrid",
    "baseline_engine": null,
    "command": "/home/alex/.cache/cargo-target/sift/release/sift bench latency --engine hybrid --corpus .cache/eval/scifact-files --queries .cache/eval/scifact-files/test-queries.tsv",
    "git_sha": "b7e25e977f232fbb0e6e0a64d444cd2695869dbd",
    "corpus_documents": 5183,
    "corpus_bytes": 7783523,
    "hardware": {
      "os": "linux",
      "arch": "x86_64",
      "logical_cores": 48,
      "cpu_brand": "AMD Ryzen Threadripper 3960X 24-Core Processor",
      "total_memory_bytes": 130380300288
    },
    "dense_model": "sentence-transformers/all-MiniLM-L6-v2",
    "dense_revision": "main",
    "dense_max_length": 40,
    "shortlist": 8
  },
  "latency_ms": {
    "prepare_ms": 460.51113399999997,
    "p50_ms": 170.217961,
    "p90_ms": 180.82717200000002,
    "max_ms": 214.679094,
    "target_ms": 200.0,
    "p50_over_target_ms": 0.0,
    "p90_over_target_ms": 0.0,
    "max_over_target_ms": 14.679093999999992
  }
}

--- stderr ---
    Blocking waiting for file lock on package cache
    Finished `test` profile [unoptimized + debuginfo] target(s) in 0.09s
     Running unittests src/lib.rs (/home/alex/.cache/cargo-target/sift/debug/deps/sift-4a1e0b650454c110)
     Running unittests src/main.rs (/home/alex/.cache/cargo-target/sift/debug/deps/sift-c3c61a541c2c507c)
    Finished `release` profile [optimized] target(s) in 0.08s
     Running `/home/alex/.cache/cargo-target/sift/release/sift bench latency --engine hybrid --corpus .cache/eval/scifact-files --queries .cache/eval/scifact-files/test-queries.tsv`
