---
recorded_at: 2026-03-10T20:55:03.473092801-07:00
command: sh -lc 'cd /home/alex/workspace/rupurt/sift && cargo test versioning::'
---

running 0 tests

test result: ok. 0 passed; 0 failed; 0 ignored; 0 measured; 28 filtered out; finished in 0.00s


running 5 tests
test versioning::tests::detects_release_profiles_and_overrides ... ok
test versioning::tests::falls_back_to_unknown_when_sha_is_missing ... ok
test versioning::tests::renders_dev_version_with_short_sha ... ok
test versioning::tests::normalizes_sha_to_seven_characters ... ok
test versioning::tests::renders_release_version_without_dev_suffix ... ok

test result: ok. 5 passed; 0 failed; 0 ignored; 0 measured; 0 filtered out; finished in 0.00s


running 0 tests

test result: ok. 0 passed; 0 failed; 0 ignored; 0 measured; 1 filtered out; finished in 0.00s


running 0 tests

test result: ok. 0 passed; 0 failed; 0 ignored; 0 measured; 2 filtered out; finished in 0.00s


--- stderr ---
    Finished `test` profile [unoptimized + debuginfo] target(s) in 0.14s
     Running unittests src/lib.rs (/home/alex/.cache/cargo-target/sift/debug/deps/sift-d76f3e7a26f22120)
     Running unittests src/main.rs (/home/alex/.cache/cargo-target/sift/debug/deps/sift-7022855f7417d5c7)
     Running tests/library_facade_test.rs (/home/alex/.cache/cargo-target/sift/debug/deps/library_facade_test-d90b422252cdc1e5)
     Running tests/performance_test.rs (/home/alex/.cache/cargo-target/sift/debug/deps/performance_test-9c9f5d1a87ec083e)
