---
recorded_at: 2026-03-08T15:54:41.525814580-07:00
command: sh -lc 'cd "/home/alex/workspace/rupurt/sift" && cargo test rich_document::pdf && cargo run -- search "architecture decision" tests/fixtures/rich-docs --engine bm25'
---

running 1 test
test search::tests::rich_document::pdf::pdf_files_are_searchable_without_external_conversion ... ok

test result: ok. 1 passed; 0 failed; 0 ignored; 0 measured; 16 filtered out; finished in 0.00s


running 0 tests

test result: ok. 0 passed; 0 failed; 0 ignored; 0 measured; 0 filtered out; finished in 0.00s

engine: bm25
root: tests/fixtures/rich-docs
indexed_files: 3
skipped_files: 0
results: 1

1. tests/fixtures/rich-docs/docs/architecture.pdf
   score: 2.3257
   snippet: Architecture decision for local retrieval

--- stderr ---
    Finished `test` profile [unoptimized + debuginfo] target(s) in 0.10s
     Running unittests src/lib.rs (/home/alex/.cache/cargo-target/sift/debug/deps/sift-67919caf51df83e6)
     Running unittests src/main.rs (/home/alex/.cache/cargo-target/sift/debug/deps/sift-48ec873ca7ce5da9)
    Finished `dev` profile [unoptimized + debuginfo] target(s) in 0.10s
     Running `/home/alex/.cache/cargo-target/sift/debug/sift search 'architecture decision' tests/fixtures/rich-docs --engine bm25`
